<?xml version="1.0" encoding="UTF-8"?>
<!-- Generated by org.testng.reporters.JUnitReportReporter -->
<testsuite hostname="admin-PC" failures="0" tests="1" name="practical.T2" time="0.000" errors="0" timestamp="18 Dec 2020 02:13:26 GMT" skipped="0">
  <testcase classname="practical.T2" name="test4" time="0.000"/>
</testsuite> <!-- practical.T2 -->
