<?xml version="1.0" encoding="UTF-8"?>
<!-- Generated by org.testng.reporters.JUnitReportReporter -->
<testsuite hostname="admin-PC" failures="0" tests="1" name="practical.T1" time="0.008" errors="0" timestamp="18 Dec 2020 02:13:26 GMT" skipped="0">
  <testcase classname="practical.T1" name="test1" time="0.008"/>
</testsuite> <!-- practical.T1 -->
